[debug] [2022-05-04T10:09:28.867Z] ----------------------------------------------------------------------
[debug] [2022-05-04T10:09:28.869Z] Command:       C:\Program Files\nodejs\node.exe C:\Users\lydav\AppData\Roaming\npm\node_modules\firebase-tools\lib\bin\firebase.js deploy
[debug] [2022-05-04T10:09:28.870Z] CLI Version:   10.7.2
[debug] [2022-05-04T10:09:28.870Z] Platform:      win32
[debug] [2022-05-04T10:09:28.870Z] Node Version:  v16.13.0
[debug] [2022-05-04T10:09:28.871Z] Time:          Wed May 04 2022 12:09:28 GMT+0200 (heure d’été d’Europe centrale)
[debug] [2022-05-04T10:09:28.871Z] ----------------------------------------------------------------------
[debug] 
[debug] [2022-05-04T10:09:28.944Z] > command requires scopes: ["email","openid","https://www.googleapis.com/auth/cloudplatformprojects.readonly","https://www.googleapis.com/auth/firebase","https://www.googleapis.com/auth/cloud-platform"]
[debug] [2022-05-04T10:09:28.944Z] > authorizing via signed-in user (salade02@gmail.com)
[debug] [2022-05-04T10:09:28.944Z] [iam] checking project olympie-b3f31 for permissions ["firebase.projects.get","firebasehosting.sites.update"]
[debug] [2022-05-04T10:09:28.946Z] >>> [apiv2][query] POST https://cloudresourcemanager.googleapis.com/v1/projects/olympie-b3f31:testIamPermissions [none]
[debug] [2022-05-04T10:09:28.946Z] >>> [apiv2][body] POST https://cloudresourcemanager.googleapis.com/v1/projects/olympie-b3f31:testIamPermissions {"permissions":["firebase.projects.get","firebasehosting.sites.update"]}
[debug] [2022-05-04T10:09:29.714Z] <<< [apiv2][status] POST https://cloudresourcemanager.googleapis.com/v1/projects/olympie-b3f31:testIamPermissions 200
[debug] [2022-05-04T10:09:29.714Z] <<< [apiv2][body] POST https://cloudresourcemanager.googleapis.com/v1/projects/olympie-b3f31:testIamPermissions {}
[debug] [2022-05-04T10:09:29.714Z] [iam] error while checking permissions, command may fail: FirebaseError: Authorization failed. This account is missing the following required permissions on project olympie-b3f31:

  firebase.projects.get
  firebasehosting.sites.update
[debug] [2022-05-04T10:09:29.715Z] >>> [apiv2][query] GET https://firebase.googleapis.com/v1beta1/projects/olympie-b3f31 [none]
[debug] [2022-05-04T10:09:30.064Z] <<< [apiv2][status] GET https://firebase.googleapis.com/v1beta1/projects/olympie-b3f31 403
[debug] [2022-05-04T10:09:30.065Z] <<< [apiv2][body] GET https://firebase.googleapis.com/v1beta1/projects/olympie-b3f31 {"error":{"code":403,"message":"The caller does not have permission","status":"PERMISSION_DENIED"}}
[debug] [2022-05-04T10:09:30.065Z] HTTP Error: 403, The caller does not have permission
[debug] [2022-05-04T10:09:30.066Z] FirebaseError: HTTP Error: 403, The caller does not have permission
    at module.exports (C:\Users\lydav\AppData\Roaming\npm\node_modules\firebase-tools\lib\responseToError.js:47:12)
    at RetryOperation._fn (C:\Users\lydav\AppData\Roaming\npm\node_modules\firebase-tools\lib\apiv2.js:286:39)
    at processTicksAndRejections (node:internal/process/task_queues:96:5)
[error] 
[error] Error: Failed to get Firebase project olympie-b3f31. Please make sure the project exists and your account has permission to access it.
